2024-10-08 13:33:05,551 - INFO - 

2024-10-08 13:33:05,551 - INFO - 2024-10-08 13:33:05.551361
2024-10-08 13:33:05,551 - INFO - file:./data/mydata1248.csv read success!
2024-10-08 13:33:05,621 - INFO - all files was read done!
2024-10-08 13:33:05,621 - INFO - the number of task is 1083
2024-10-08 13:33:39,431 - INFO - 

2024-10-08 13:33:39,431 - INFO - 2024-10-08 13:33:39.431866
2024-10-08 13:33:39,431 - INFO - file:./data/mydata1248.csv read success!
2024-10-08 13:33:39,497 - INFO - all files was read done!
2024-10-08 13:33:39,497 - INFO - the number of task is 1083
2024-10-08 13:34:10,946 - INFO - 

2024-10-08 13:34:10,946 - INFO - 2024-10-08 13:34:10.946223
2024-10-08 13:34:10,946 - INFO - file:./data/mydata1248.csv read success!
2024-10-08 13:34:11,025 - INFO - all files was read done!
2024-10-08 13:34:11,025 - INFO - the number of task is 1083
2024-10-08 13:49:50,825 - INFO - 

2024-10-08 13:49:50,825 - INFO - 2024-10-08 13:49:50.825051
2024-10-08 13:49:50,825 - INFO - file:./data/mydata1248.csv read success!
2024-10-08 13:49:50,891 - INFO - all files was read done!
2024-10-08 13:49:50,891 - INFO - the number of task is 1083
2024-10-08 13:49:50,897 - INFO - file:./data/mydata1248.csv read success!
2024-10-08 13:49:50,962 - INFO - all files was read done!
2024-10-08 13:49:50,962 - INFO - the number of task is 1083
2024-10-08 13:50:49,231 - INFO - 

2024-10-08 13:50:49,231 - INFO - 2024-10-08 13:50:49.231567
2024-10-08 13:50:49,231 - INFO - file:./data/mydata1248.csv read success!
2024-10-08 13:50:49,288 - INFO - all files was read done!
2024-10-08 13:50:49,288 - INFO - the number of task is 1083
2024-10-08 13:50:49,290 - INFO - file:./data/mydata1248.csv read success!
2024-10-08 13:50:49,347 - INFO - all files was read done!
2024-10-08 13:50:49,347 - INFO - the number of task is 1083
