2024-09-21 00:44:37,646 - INFO - 

2024-09-21 00:44:37,646 - INFO - 2024-09-21 00:44:37.646608
2024-09-21 00:44:37,646 - INFO - file:C:\Users\Administrator\Desktop\IdsLab\任务\SchedulerSystem\Code\data\usedData\kalos.csv read success!
2024-09-21 00:44:38,288 - INFO - file:C:\Users\Administrator\Desktop\IdsLab\任务\SchedulerSystem\Code\data\usedData\seren.csv read success!
2024-09-21 00:44:43,792 - INFO - all files was read done!
2024-09-21 00:44:43,792 - INFO - the number of task is 214143
2024-09-21 00:45:29,639 - INFO - 

2024-09-21 00:45:29,640 - INFO - 2024-09-21 00:45:29.639791
2024-09-21 00:45:29,640 - INFO - file:C:\Users\Administrator\Desktop\IdsLab\任务\SchedulerSystem\Code\data\usedData\kalos.csv read success!
2024-09-21 00:45:30,223 - INFO - file:C:\Users\Administrator\Desktop\IdsLab\任务\SchedulerSystem\Code\data\usedData\seren.csv read success!
2024-09-21 00:45:35,546 - INFO - all files was read done!
2024-09-21 00:45:35,546 - INFO - the number of task is 214143
2024-09-21 00:46:07,629 - INFO - 

2024-09-21 00:46:07,630 - INFO - 2024-09-21 00:46:07.630679
2024-09-21 00:46:07,630 - INFO - file:C:\Users\Administrator\Desktop\IdsLab\任务\SchedulerSystem\Code\data\usedData\kalos.csv read success!
2024-09-21 00:46:08,683 - INFO - file:C:\Users\Administrator\Desktop\IdsLab\任务\SchedulerSystem\Code\data\usedData\seren.csv read success!
2024-09-21 00:46:23,418 - INFO - all files was read done!
2024-09-21 00:46:23,418 - INFO - the number of task is 214143
2024-09-21 00:53:34,222 - INFO - 

2024-09-21 00:53:34,222 - INFO - 2024-09-21 00:53:34.222027
2024-09-21 00:53:34,222 - INFO - file:C:\Users\Administrator\Desktop\IdsLab\任务\SchedulerSystem\Code\data\usedData\kalos.csv read success!
2024-09-21 00:53:35,265 - INFO - file:C:\Users\Administrator\Desktop\IdsLab\任务\SchedulerSystem\Code\data\usedData\seren.csv read success!
2024-09-21 00:53:50,450 - INFO - all files was read done!
2024-09-21 00:53:50,451 - INFO - the number of task is 214143
2024-09-21 00:55:06,731 - INFO - 

2024-09-21 00:55:06,731 - INFO - 2024-09-21 00:55:06.731606
2024-09-21 00:55:06,731 - INFO - file:C:\Users\Administrator\Desktop\IdsLab\任务\SchedulerSystem\Code\data\usedData\kalos.csv read success!
2024-09-21 00:55:07,302 - INFO - file:C:\Users\Administrator\Desktop\IdsLab\任务\SchedulerSystem\Code\data\usedData\seren.csv read success!
2024-09-21 00:55:12,702 - INFO - all files was read done!
2024-09-21 00:55:12,702 - INFO - the number of task is 214143
2024-09-21 01:01:06,051 - INFO - 

2024-09-21 01:01:06,051 - INFO - 2024-09-21 01:01:06.051616
2024-09-21 01:01:06,051 - INFO - file:C:\Users\Administrator\Desktop\IdsLab\任务\SchedulerSystem\Code\data\usedData\kalos.csv read success!
2024-09-21 01:01:06,629 - INFO - file:C:\Users\Administrator\Desktop\IdsLab\任务\SchedulerSystem\Code\data\usedData\seren.csv read success!
2024-09-21 01:01:11,966 - INFO - all files was read done!
2024-09-21 01:01:11,966 - INFO - the number of task is 214143
2024-09-21 01:02:16,155 - INFO - 

2024-09-21 01:02:16,156 - INFO - 2024-09-21 01:02:16.156227
2024-09-21 01:02:16,156 - INFO - file:C:\Users\Administrator\Desktop\IdsLab\任务\SchedulerSystem\Code\data\usedData\kalos.csv read success!
2024-09-21 01:02:17,260 - INFO - file:C:\Users\Administrator\Desktop\IdsLab\任务\SchedulerSystem\Code\data\usedData\seren.csv read success!
2024-09-21 01:02:32,396 - INFO - all files was read done!
2024-09-21 01:02:32,397 - INFO - the number of task is 214143
2024-09-21 01:03:25,352 - INFO - 

2024-09-21 01:03:25,353 - INFO - 2024-09-21 01:03:25.353748
2024-09-21 01:03:25,353 - INFO - file:C:\Users\Administrator\Desktop\IdsLab\任务\SchedulerSystem\Code\data\usedData\kalos.csv read success!
2024-09-21 01:03:26,401 - INFO - file:C:\Users\Administrator\Desktop\IdsLab\任务\SchedulerSystem\Code\data\usedData\seren.csv read success!
2024-09-21 01:03:41,191 - INFO - all files was read done!
2024-09-21 01:03:41,192 - INFO - the number of task is 214143
2024-09-21 01:04:41,850 - INFO - 

2024-09-21 01:04:41,851 - INFO - 2024-09-21 01:04:41.851852
2024-09-21 01:04:41,851 - INFO - file:C:\Users\Administrator\Desktop\IdsLab\任务\SchedulerSystem\Code\data\usedData\kalos.csv read success!
2024-09-21 01:04:42,471 - INFO - file:C:\Users\Administrator\Desktop\IdsLab\任务\SchedulerSystem\Code\data\usedData\seren.csv read success!
2024-09-21 01:04:47,763 - INFO - all files was read done!
2024-09-21 01:04:47,763 - INFO - the number of task is 214143
2024-09-21 01:05:21,247 - INFO - 

2024-09-21 01:05:21,247 - INFO - 2024-09-21 01:05:21.247684
2024-09-21 01:05:21,247 - INFO - file:C:\Users\Administrator\Desktop\IdsLab\任务\SchedulerSystem\Code\data\usedData\kalos.csv read success!
2024-09-21 01:05:21,830 - INFO - file:C:\Users\Administrator\Desktop\IdsLab\任务\SchedulerSystem\Code\data\usedData\seren.csv read success!
2024-09-21 01:05:27,123 - INFO - all files was read done!
2024-09-21 01:05:27,123 - INFO - the number of task is 214143
2024-09-21 01:05:27,160 - INFO - run function need implement in Next First
