2024-09-23 00:44:02,465 - INFO - 

2024-09-23 00:44:02,465 - INFO - 2024-09-23 00:44:02.465228
2024-09-23 00:44:02,466 - INFO - file:C:\Users\Administrator\Desktop\IdsLab\任务\SchedulerSystem\Code\data\usedData\kalos.csv read success!
2024-09-23 00:44:03,031 - INFO - file:C:\Users\Administrator\Desktop\IdsLab\任务\SchedulerSystem\Code\data\usedData\seren.csv read success!
2024-09-23 00:44:08,500 - INFO - all files was read done!
2024-09-23 00:44:08,500 - INFO - the number of task is 214143
2024-09-23 00:44:08,535 - INFO - <class 'algorithms.FCFS'>is start!
2024-09-23 00:44:08,536 - INFO - start_time:1684305112.0
2024-09-23 00:44:08,542 - INFO - 0/214143
2024-09-23 00:44:08,547 - INFO - 0/214143
2024-09-23 00:44:08,552 - INFO - 1/214143
2024-09-23 00:44:08,558 - INFO - 1/214143
2024-09-23 00:44:08,563 - INFO - 1/214143
2024-09-23 00:44:08,569 - INFO - 1/214143
2024-09-23 00:44:08,573 - INFO - 1/214143
2024-09-23 00:44:08,579 - INFO - 1/214143
2024-09-23 00:44:08,584 - INFO - 3/214143
2024-09-23 00:44:08,592 - INFO - 4/214143
2024-09-23 00:44:08,600 - INFO - 4/214143
2024-09-23 00:44:08,605 - INFO - 4/214143
2024-09-23 00:44:08,610 - INFO - 4/214143
2024-09-23 00:44:08,616 - INFO - 4/214143
2024-09-23 00:44:08,621 - INFO - 4/214143
2024-09-23 00:44:08,626 - INFO - 4/214143
2024-09-23 00:44:08,631 - INFO - 4/214143
2024-09-23 00:44:08,636 - INFO - 4/214143
2024-09-23 00:44:08,641 - INFO - 4/214143
2024-09-23 00:44:08,646 - INFO - 4/214143
2024-09-23 00:44:08,651 - INFO - 4/214143
2024-09-23 00:44:08,655 - INFO - 4/214143
2024-09-23 00:44:08,662 - INFO - 4/214143
2024-09-23 00:44:08,668 - INFO - 4/214143
2024-09-23 00:44:08,673 - INFO - 4/214143
2024-09-23 00:44:08,678 - INFO - 4/214143
2024-09-23 00:44:08,683 - INFO - 4/214143
2024-09-23 00:44:08,688 - INFO - 4/214143
2024-09-23 00:44:08,693 - INFO - 4/214143
2024-09-23 00:44:08,698 - INFO - 4/214143
2024-09-23 00:44:08,703 - INFO - 4/214143
2024-09-23 00:44:08,714 - INFO - 4/214143
2024-09-23 00:44:08,728 - INFO - 4/214143
2024-09-23 00:44:08,742 - INFO - 4/214143
2024-09-23 00:44:08,757 - INFO - 4/214143
2024-09-23 00:44:08,766 - INFO - 4/214143
2024-09-23 00:44:08,779 - INFO - 4/214143
2024-09-23 00:44:08,793 - INFO - 4/214143
2024-09-23 00:44:08,806 - INFO - 4/214143
2024-09-23 00:44:08,817 - INFO - 4/214143
2024-09-23 00:44:08,824 - INFO - 4/214143
2024-09-23 00:44:08,831 - INFO - 4/214143
2024-09-23 00:44:08,836 - INFO - 4/214143
2024-09-23 00:44:08,841 - INFO - 4/214143
2024-09-23 00:44:08,846 - INFO - 4/214143
2024-09-23 00:44:08,851 - INFO - 4/214143
2024-09-23 00:44:08,856 - INFO - 4/214143
2024-09-23 00:44:08,861 - INFO - 4/214143
2024-09-23 00:44:08,866 - INFO - 4/214143
2024-09-23 00:44:08,871 - INFO - 4/214143
2024-09-23 00:44:08,876 - INFO - 4/214143
2024-09-23 00:44:08,881 - INFO - 4/214143
2024-09-23 00:44:08,886 - INFO - 4/214143
2024-09-23 00:44:08,891 - INFO - 4/214143
2024-09-23 00:44:08,897 - INFO - 4/214143
2024-09-23 00:44:08,901 - INFO - 4/214143
2024-09-23 00:44:08,906 - INFO - 5/214143
2024-09-23 00:44:08,917 - INFO - 5/214143
2024-09-23 00:44:08,931 - INFO - 5/214143
2024-09-23 00:44:08,943 - INFO - 5/214143
2024-09-23 00:44:08,954 - INFO - 6/214143
2024-09-23 00:44:08,970 - INFO - 7/214143
2024-09-23 00:44:08,984 - INFO - 7/214143
2024-09-23 00:44:08,999 - INFO - 7/214143
2024-09-23 00:44:09,013 - INFO - 7/214143
2024-09-23 00:44:09,023 - INFO - 7/214143
2024-09-23 00:44:09,030 - INFO - 7/214143
2024-09-23 00:44:09,037 - INFO - 7/214143
2024-09-23 00:44:09,042 - INFO - 7/214143
2024-09-23 00:44:09,047 - INFO - 7/214143
2024-09-23 00:44:09,054 - INFO - 8/214143
2024-09-23 00:44:09,058 - INFO - 9/214143
2024-09-23 00:44:09,064 - INFO - 11/214143
2024-09-23 00:44:09,069 - INFO - 11/214143
2024-09-23 00:44:09,073 - INFO - 11/214143
2024-09-23 00:44:09,079 - INFO - 11/214143
2024-09-23 00:44:09,084 - INFO - 11/214143
2024-09-23 00:44:09,089 - INFO - 11/214143
2024-09-23 00:44:09,094 - INFO - 11/214143
2024-09-23 00:44:09,100 - INFO - 11/214143
2024-09-23 00:44:09,106 - INFO - 11/214143
2024-09-23 00:44:09,112 - INFO - 12/214143
2024-09-23 00:44:09,118 - INFO - 12/214143
2024-09-23 00:44:09,126 - INFO - 12/214143
2024-09-23 00:44:09,140 - INFO - 12/214143
2024-09-23 00:44:09,153 - INFO - 12/214143
2024-09-23 00:44:09,169 - INFO - 12/214143
2024-09-23 00:44:09,183 - INFO - 12/214143
2024-09-23 00:44:09,197 - INFO - 12/214143
2024-09-23 00:44:09,212 - INFO - 12/214143
2024-09-23 00:44:09,226 - INFO - 12/214143
2024-09-23 00:44:09,235 - INFO - 12/214143
2024-09-23 00:44:09,243 - INFO - 12/214143
2024-09-23 00:44:09,249 - INFO - 12/214143
2024-09-23 00:44:09,257 - INFO - 12/214143
2024-09-23 00:44:09,263 - INFO - 12/214143
2024-09-23 00:44:09,269 - INFO - 12/214143
2024-09-23 00:44:09,274 - INFO - 16/214143
2024-09-23 00:44:09,279 - INFO - 21/214143
2024-09-23 00:44:09,285 - INFO - 26/214143
2024-09-23 00:44:09,290 - INFO - 29/214143
2024-09-23 00:44:09,295 - INFO - 31/214143
2024-09-23 00:44:09,300 - INFO - 32/214143
2024-09-23 00:44:09,304 - INFO - 34/214143
2024-09-23 00:44:09,310 - INFO - 37/214143
2024-09-23 00:44:09,315 - INFO - 40/214143
2024-09-23 00:44:09,320 - INFO - 42/214143
2024-09-23 00:44:09,326 - INFO - 43/214143
2024-09-23 00:44:09,340 - INFO - 43/214143
2024-09-23 00:44:09,354 - INFO - 43/214143
2024-09-23 00:44:09,369 - INFO - 43/214143
2024-09-23 00:44:09,383 - INFO - 43/214143
2024-09-23 00:44:09,398 - INFO - 44/214143
2024-09-23 00:44:09,411 - INFO - 45/214143
2024-09-23 00:44:09,426 - INFO - 45/214143
2024-09-23 00:44:09,439 - INFO - 45/214143
2024-09-23 00:44:09,447 - INFO - 45/214143
2024-09-23 00:44:09,453 - INFO - 45/214143
2024-09-23 00:44:09,459 - INFO - 45/214143
2024-09-23 00:44:09,463 - INFO - 45/214143
2024-09-23 00:44:09,469 - INFO - 45/214143
2024-09-23 00:44:09,475 - INFO - 45/214143
2024-09-23 00:44:09,479 - INFO - 45/214143
2024-09-23 00:44:09,484 - INFO - 45/214143
2024-09-23 00:44:09,490 - INFO - 45/214143
2024-09-23 00:44:09,494 - INFO - 45/214143
2024-09-23 00:44:09,499 - INFO - 45/214143
2024-09-23 00:44:09,504 - INFO - 45/214143
2024-09-23 00:44:09,510 - INFO - 45/214143
2024-09-23 00:44:09,515 - INFO - 46/214143
2024-09-23 00:44:09,522 - INFO - 47/214143
2024-09-23 00:44:09,527 - INFO - 48/214143
2024-09-23 00:44:09,534 - INFO - 49/214143
2024-09-23 00:44:09,547 - INFO - 49/214143
2024-09-23 00:44:09,576 - INFO - 49/214143
2024-09-23 00:44:09,591 - INFO - 49/214143
2024-09-23 00:44:09,606 - INFO - 49/214143
2024-09-23 00:44:09,619 - INFO - 49/214143
2024-09-23 00:44:09,633 - INFO - 49/214143
2024-09-23 00:44:09,643 - INFO - 67/214143
2024-09-23 00:44:09,651 - INFO - 86/214143
2024-09-23 00:44:09,657 - INFO - 115/214143
2024-09-23 00:44:09,663 - INFO - 131/214143
2024-09-23 00:44:09,668 - INFO - 139/214143
2024-09-23 00:44:09,673 - INFO - 144/214143
2024-09-23 00:44:09,679 - INFO - 147/214143
2024-09-23 00:44:09,683 - INFO - 153/214143
2024-09-23 00:44:09,689 - INFO - 163/214143
2024-09-23 00:44:09,695 - INFO - 172/214143
2024-09-23 00:44:09,700 - INFO - 179/214143
2024-09-23 00:44:09,704 - INFO - 183/214143
2024-09-23 00:44:09,710 - INFO - 186/214143
2024-09-23 00:44:09,715 - INFO - 187/214143
2024-09-23 00:44:09,720 - INFO - 188/214143
2024-09-23 00:44:09,726 - INFO - 189/214143
2024-09-23 00:44:09,730 - INFO - 191/214143
2024-09-23 00:44:09,741 - INFO - 198/214143
2024-09-23 00:44:09,756 - INFO - 216/214143
2024-09-23 00:44:09,770 - INFO - 240/214143
2024-09-23 00:44:09,783 - INFO - 259/214143
2024-09-23 00:44:09,796 - INFO - 274/214143
2024-09-23 00:44:09,811 - INFO - 285/214143
2024-09-23 00:44:09,826 - INFO - 290/214143
2024-09-23 00:44:09,841 - INFO - 293/214143
2024-09-23 00:44:09,849 - INFO - 297/214143
2024-09-23 00:44:09,855 - INFO - 341/214143
2024-09-23 00:44:09,861 - INFO - 384/214143
2024-09-23 00:44:09,866 - INFO - 417/214143
2024-09-23 00:44:09,871 - INFO - 442/214143
2024-09-23 00:44:09,877 - INFO - 455/214143
2024-09-23 00:44:09,883 - INFO - 461/214143
2024-09-23 00:44:09,888 - INFO - 464/214143
2024-09-23 00:44:09,893 - INFO - 503/214143
2024-09-23 00:44:09,899 - INFO - 531/214143
2024-09-23 00:44:09,905 - INFO - 569/214143
2024-09-23 00:44:09,910 - INFO - 601/214143
2024-09-23 00:44:09,919 - INFO - 627/214143
2024-09-23 00:44:09,927 - INFO - 640/214143
2024-09-23 00:44:09,933 - INFO - 648/214143
2024-09-23 00:44:09,939 - INFO - 652/214143
2024-09-23 00:44:09,946 - INFO - 654/214143
2024-09-23 00:44:09,958 - INFO - 655/214143
2024-09-23 00:44:09,972 - INFO - 655/214143
2024-09-23 00:44:09,985 - INFO - 656/214143
2024-09-23 00:44:09,998 - INFO - 662/214143
2024-09-23 00:44:10,013 - INFO - 667/214143
2024-09-23 00:44:10,026 - INFO - 678/214143
2024-09-23 00:44:10,041 - INFO - 685/214143
2024-09-23 00:44:10,055 - INFO - 687/214143
2024-09-23 00:44:10,062 - INFO - 688/214143
2024-09-23 00:44:10,070 - INFO - 689/214143
2024-09-23 00:44:10,076 - INFO - 689/214143
2024-09-23 00:44:10,081 - INFO - 690/214143
2024-09-23 00:44:10,091 - INFO - 690/214143
2024-09-23 00:44:10,096 - INFO - 690/214143
2024-09-23 00:44:10,104 - INFO - 690/214143
2024-09-23 00:44:10,116 - INFO - 690/214143
2024-09-23 00:44:10,122 - INFO - 690/214143
2024-09-23 00:44:10,128 - INFO - 690/214143
2024-09-23 00:44:10,134 - INFO - 696/214143
2024-09-23 00:44:10,140 - INFO - 702/214143
2024-09-23 00:44:10,146 - INFO - 714/214143
2024-09-23 00:44:10,150 - INFO - 725/214143
2024-09-23 00:44:10,160 - INFO - 732/214143
2024-09-23 00:44:10,174 - INFO - 737/214143
2024-09-23 00:44:10,187 - INFO - 740/214143
2024-09-23 00:44:10,200 - INFO - 742/214143
2024-09-23 00:44:10,215 - INFO - 747/214143
2024-09-23 00:44:10,230 - INFO - 757/214143
2024-09-23 00:44:10,244 - INFO - 774/214143
2024-09-23 00:44:10,258 - INFO - 801/214143
2024-09-23 00:44:10,268 - INFO - 824/214143
2024-09-23 00:44:10,275 - INFO - 840/214143
2024-09-23 00:44:10,281 - INFO - 851/214143
2024-09-23 00:44:10,287 - INFO - 857/214143
2024-09-23 00:44:10,292 - INFO - 861/214143
2024-09-23 00:44:10,298 - INFO - 863/214143
2024-09-23 00:44:10,303 - INFO - 864/214143
2024-09-23 00:44:10,308 - INFO - 865/214143
2024-09-23 00:44:10,312 - INFO - 865/214143
2024-09-23 00:44:10,318 - INFO - 865/214143
2024-09-23 00:44:10,323 - INFO - 865/214143
2024-09-23 00:44:10,328 - INFO - 869/214143
2024-09-23 00:44:10,333 - INFO - 873/214143
2024-09-23 00:44:10,338 - INFO - 877/214143
2024-09-23 00:44:10,344 - INFO - 883/214143
2024-09-23 00:44:10,350 - INFO - 888/214143
2024-09-23 00:44:10,354 - INFO - 894/214143
2024-09-23 00:44:10,359 - INFO - 897/214143
2024-09-23 00:44:10,364 - INFO - 899/214143
2024-09-23 00:44:10,377 - INFO - 900/214143
2024-09-23 00:44:10,391 - INFO - 900/214143
2024-09-23 00:44:10,404 - INFO - 907/214143
2024-09-23 00:44:10,419 - INFO - 919/214143
2024-09-23 00:44:10,433 - INFO - 932/214143
2024-09-23 00:44:10,447 - INFO - 945/214143
2024-09-23 00:44:10,458 - INFO - 955/214143
2024-09-23 00:44:10,469 - INFO - 962/214143
2024-09-23 00:44:10,481 - INFO - 967/214143
2024-09-23 00:44:10,489 - INFO - 970/214143
2024-09-23 00:44:10,496 - INFO - 971/214143
2024-09-23 00:44:10,503 - INFO - 972/214143
2024-09-23 00:44:10,509 - INFO - 981/214143
2024-09-23 00:44:10,517 - INFO - 993/214143
2024-09-23 00:44:10,526 - INFO - 1003/214143
2024-09-23 00:44:10,536 - INFO - 1012/214143
2024-09-23 00:44:10,545 - INFO - 1018/214143
2024-09-23 00:44:10,557 - INFO - 1022/214143
2024-09-23 00:44:10,566 - INFO - 1026/214143
2024-09-23 00:44:10,583 - INFO - 1039/214143
2024-09-23 00:44:10,606 - INFO - 1055/214143
2024-09-23 00:44:10,623 - INFO - 1068/214143
2024-09-23 00:44:10,640 - INFO - 1078/214143
2024-09-23 00:44:10,654 - INFO - 1083/214143
2024-09-23 00:44:10,669 - INFO - 1086/214143
2024-09-23 00:44:10,680 - INFO - 1088/214143
2024-09-23 00:44:10,688 - INFO - 1095/214143
2024-09-23 00:44:10,695 - INFO - 1102/214143
2024-09-23 00:44:10,700 - INFO - 1108/214143
2024-09-23 00:44:10,706 - INFO - 1117/214143
2024-09-23 00:44:10,712 - INFO - 1159/214143
2024-09-23 00:44:10,718 - INFO - 1199/214143
2024-09-23 00:44:10,724 - INFO - 1233/214143
2024-09-23 00:44:10,729 - INFO - 1256/214143
2024-09-23 00:44:10,734 - INFO - 1271/214143
2024-09-23 00:44:10,740 - INFO - 1281/214143
2024-09-23 00:44:10,744 - INFO - 1295/214143
2024-09-23 00:44:10,749 - INFO - 1305/214143
2024-09-23 00:44:10,754 - INFO - 1314/214143
2024-09-23 00:44:10,759 - INFO - 1326/214143
2024-09-23 00:44:10,764 - INFO - 1343/214143
2024-09-23 00:44:10,772 - INFO - 1357/214143
2024-09-23 00:44:10,785 - INFO - 1367/214143
2024-09-23 00:44:10,800 - INFO - 1374/214143
2024-09-23 00:44:10,813 - INFO - 1377/214143
2024-09-23 00:44:10,826 - INFO - 1385/214143
2024-09-23 00:44:10,840 - INFO - 1393/214143
2024-09-23 00:44:10,857 - INFO - 1403/214143
2024-09-23 00:44:10,870 - INFO - 1411/214143
2024-09-23 00:44:10,881 - INFO - 1418/214143
2024-09-23 00:44:10,888 - INFO - 1422/214143
2024-09-23 00:44:10,893 - INFO - 1424/214143
2024-09-23 00:44:10,899 - INFO - 1425/214143
2024-09-23 00:44:10,905 - INFO - 1426/214143
2024-09-23 00:44:10,910 - INFO - 1426/214143
2024-09-23 00:44:10,918 - INFO - 1426/214143
2024-09-23 00:44:10,927 - INFO - 1431/214143
2024-09-23 00:44:10,934 - INFO - 1436/214143
2024-09-23 00:44:10,940 - INFO - 1441/214143
2024-09-23 00:44:10,944 - INFO - 1443/214143
2024-09-23 00:44:10,951 - INFO - 1445/214143
2024-09-23 00:44:10,956 - INFO - 1446/214143
2024-09-23 00:44:10,961 - INFO - 1446/214143
2024-09-23 00:44:10,966 - INFO - 1446/214143
2024-09-23 00:44:10,972 - INFO - 1460/214143
2024-09-23 00:44:10,984 - INFO - 1506/214143
2024-09-23 00:44:10,997 - INFO - 1549/214143
2024-09-23 00:44:11,012 - INFO - 1580/214143
2024-09-23 00:44:11,026 - INFO - 1601/214143
2024-09-23 00:44:11,039 - INFO - 1616/214143
2024-09-23 00:44:11,055 - INFO - 1623/214143
2024-09-23 00:44:11,069 - INFO - 1626/214143
2024-09-23 00:44:11,081 - INFO - 1628/214143
2024-09-23 00:44:11,088 - INFO - 1641/214143
2024-09-23 00:44:11,097 - INFO - 1662/214143
2024-09-23 00:44:11,102 - INFO - 1683/214143
2024-09-23 00:44:11,109 - INFO - 1703/214143
2024-09-23 00:44:11,115 - INFO - 1717/214143
2024-09-23 00:44:11,120 - INFO - 1726/214143
2024-09-23 00:44:11,126 - INFO - 1733/214143
2024-09-23 00:44:11,131 - INFO - 1737/214143
2024-09-23 00:44:11,137 - INFO - 1741/214143
2024-09-23 00:44:11,142 - INFO - 1748/214143
2024-09-23 00:44:11,148 - INFO - 1755/214143
2024-09-23 00:44:11,154 - INFO - 1777/214143
2024-09-23 00:44:11,159 - INFO - 1799/214143
2024-09-23 00:44:11,164 - INFO - 1820/214143
2024-09-23 00:44:11,170 - INFO - 1842/214143
2024-09-23 00:44:11,174 - INFO - 1866/214143
2024-09-23 00:44:11,181 - INFO - 1894/214143
2024-09-23 00:44:11,193 - INFO - 1948/214143
2024-09-23 00:44:11,209 - INFO - 1995/214143
2024-09-23 00:44:11,222 - INFO - 2029/214143
2024-09-23 00:44:11,236 - INFO - 2052/214143
2024-09-23 00:44:11,245 - INFO - 2068/214143
2024-09-23 00:44:11,259 - INFO - 2076/214143
2024-09-23 00:44:11,274 - INFO - 2079/214143
2024-09-23 00:44:11,288 - INFO - 2081/214143
2024-09-23 00:44:11,296 - INFO - 2082/214143
2024-09-23 00:44:11,303 - INFO - 2086/214143
2024-09-23 00:44:11,309 - INFO - 2121/214143
2024-09-23 00:44:11,315 - INFO - 2160/214143
2024-09-23 00:44:11,320 - INFO - 2192/214143
2024-09-23 00:44:11,326 - INFO - 2217/214143
2024-09-23 00:44:11,331 - INFO - 2234/214143
2024-09-23 00:44:11,337 - INFO - 2257/214143
2024-09-23 00:44:11,343 - INFO - 2273/214143
2024-09-23 00:44:11,348 - INFO - 2295/214143
2024-09-23 00:44:11,353 - INFO - 2313/214143
2024-09-23 00:44:11,373 - INFO - 2349/214143
2024-09-23 00:44:11,379 - INFO - 2387/214143
2024-09-23 00:44:11,386 - INFO - 2415/214143
2024-09-23 00:44:11,402 - INFO - 2434/214143
2024-09-23 00:44:11,417 - INFO - 2448/214143
2024-09-23 00:44:11,430 - INFO - 2456/214143
2024-09-23 00:44:11,443 - INFO - 2467/214143
2024-09-23 00:44:11,455 - INFO - 2480/214143
2024-09-23 00:44:11,476 - INFO - 2496/214143
2024-09-23 00:44:11,491 - INFO - 2549/214143
2024-09-23 00:44:11,500 - INFO - 2610/214143
2024-09-23 00:44:11,508 - INFO - 2663/214143
2024-09-23 00:44:11,514 - INFO - 2704/214143
2024-09-23 00:44:11,520 - INFO - 2755/214143
2024-09-23 00:44:11,525 - INFO - 2809/214143
2024-09-23 00:44:11,530 - INFO - 2861/214143
2024-09-23 00:44:11,536 - INFO - 2899/214143
2024-09-23 00:44:11,542 - INFO - 2929/214143
2024-09-23 00:44:11,547 - INFO - 2949/214143
2024-09-23 00:44:11,552 - INFO - 2960/214143
2024-09-23 00:44:11,557 - INFO - 2965/214143
2024-09-23 00:44:11,563 - INFO - 2972/214143
2024-09-23 00:44:11,568 - INFO - 2982/214143
2024-09-23 00:44:11,573 - INFO - 2993/214143
2024-09-23 00:44:11,579 - INFO - 3013/214143
2024-09-23 00:44:11,584 - INFO - 3030/214143
2024-09-23 00:44:11,598 - INFO - 3042/214143
2024-09-23 00:44:11,611 - INFO - 3050/214143
2024-09-23 00:44:11,624 - INFO - 3055/214143
2024-09-23 00:44:11,638 - INFO - 3057/214143
2024-09-23 00:44:11,650 - INFO - 3058/214143
2024-09-23 00:44:11,663 - INFO - 3058/214143
2024-09-23 00:44:11,679 - INFO - 3058/214143
2024-09-23 00:44:11,693 - INFO - 3091/214143
2024-09-23 00:44:11,703 - INFO - 3162/214143
2024-09-23 00:44:11,711 - INFO - 3257/214143
2024-09-23 00:44:11,717 - INFO - 3335/214143
2024-09-23 00:44:11,723 - INFO - 3389/214143
2024-09-23 00:44:11,731 - INFO - 3443/214143
2024-09-23 00:44:11,738 - INFO - 3575/214143
2024-09-23 00:44:11,744 - INFO - 3706/214143
2024-09-23 00:44:11,750 - INFO - 3832/214143
2024-09-23 00:44:11,756 - INFO - 3929/214143
2024-09-23 00:44:11,761 - INFO - 4073/214143
2024-09-23 00:44:11,768 - INFO - 4195/214143
2024-09-23 00:44:11,773 - INFO - 4281/214143
2024-09-23 00:44:11,783 - INFO - 4386/214143
2024-09-23 00:44:11,791 - INFO - 4476/214143
2024-09-23 00:44:11,797 - INFO - 4560/214143
2024-09-23 00:44:11,804 - INFO - 4623/214143
2024-09-23 00:44:11,816 - INFO - 4678/214143
2024-09-23 00:44:11,832 - INFO - 4725/214143
2024-09-23 00:44:11,850 - INFO - 4759/214143
2024-09-23 00:44:11,866 - INFO - 4784/214143
2024-09-23 00:44:11,881 - INFO - 4800/214143
2024-09-23 00:44:11,897 - INFO - 4811/214143
2024-09-23 00:44:11,912 - INFO - 4816/214143
2024-09-23 00:44:11,924 - INFO - 4818/214143
2024-09-23 00:44:11,933 - INFO - 4819/214143
2024-09-23 00:44:11,940 - INFO - 4819/214143
2024-09-23 00:44:11,946 - INFO - 4819/214143
2024-09-23 00:44:11,952 - INFO - 4821/214143
2024-09-23 00:44:11,959 - INFO - 4835/214143
2024-09-23 00:44:11,964 - INFO - 4848/214143
2024-09-23 00:44:11,970 - INFO - 4859/214143
2024-09-23 00:44:11,975 - INFO - 4872/214143
2024-09-23 00:44:11,982 - INFO - 4916/214143
2024-09-23 00:44:11,989 - INFO - 5019/214143
2024-09-23 00:44:11,995 - INFO - 5113/214143
2024-09-23 00:44:12,000 - INFO - 5180/214143
2024-09-23 00:44:12,005 - INFO - 5225/214143
2024-09-23 00:44:12,011 - INFO - 5255/214143
2024-09-23 00:44:12,026 - INFO - 5294/214143
2024-09-23 00:44:12,041 - INFO - 5328/214143
2024-09-23 00:44:12,057 - INFO - 5378/214143
2024-09-23 00:44:12,073 - INFO - 5475/214143
2024-09-23 00:44:12,089 - INFO - 5615/214143
2024-09-23 00:44:12,120 - INFO - 5783/214143
2024-09-23 00:44:12,134 - INFO - 6358/214143
2024-09-23 00:44:12,142 - INFO - 6891/214143
2024-09-23 00:44:12,148 - INFO - 7281/214143
2024-09-23 00:44:12,153 - INFO - 7548/214143
2024-09-23 00:44:12,161 - INFO - 7731/214143
2024-09-23 00:44:12,168 - INFO - 7823/214143
2024-09-23 00:44:12,174 - INFO - 7991/214143
2024-09-23 00:44:12,181 - INFO - 8169/214143
2024-09-23 00:44:12,187 - INFO - 8306/214143
2024-09-23 00:44:12,194 - INFO - 8398/214143
2024-09-23 00:44:12,206 - INFO - 8466/214143
2024-09-23 00:44:12,212 - INFO - 8501/214143
2024-09-23 00:44:12,218 - INFO - 8518/214143
2024-09-23 00:44:12,232 - INFO - 8528/214143
2024-09-23 00:44:12,249 - INFO - 8535/214143
2024-09-23 00:44:12,264 - INFO - 8575/214143
2024-09-23 00:44:12,279 - INFO - 8614/214143
2024-09-23 00:44:12,295 - INFO - 8643/214143
2024-09-23 00:44:12,311 - INFO - 8663/214143
2024-09-23 00:44:12,326 - INFO - 8677/214143
2024-09-23 00:44:12,334 - INFO - 8683/214143
2024-09-23 00:44:12,340 - INFO - 8686/214143
2024-09-23 00:44:12,345 - INFO - 8688/214143
2024-09-23 00:44:12,351 - INFO - 8689/214143
2024-09-23 00:44:12,356 - INFO - 8690/214143
2024-09-23 00:44:12,361 - INFO - 8691/214143
2024-09-23 00:44:12,367 - INFO - 8691/214143
2024-09-23 00:44:12,372 - INFO - 8691/214143
2024-09-23 00:44:12,377 - INFO - 8691/214143
2024-09-23 00:44:12,383 - INFO - 8691/214143
2024-09-23 00:44:12,388 - INFO - 8691/214143
2024-09-23 00:44:12,393 - INFO - 8691/214143
2024-09-23 00:44:12,398 - INFO - 8691/214143
2024-09-23 00:44:12,403 - INFO - 8691/214143
2024-09-23 00:44:12,409 - INFO - 8691/214143
2024-09-23 00:44:12,416 - INFO - 8691/214143
2024-09-23 00:44:12,426 - INFO - 8691/214143
2024-09-23 00:44:12,441 - INFO - 8691/214143
2024-09-23 00:44:12,455 - INFO - 8691/214143
2024-09-23 00:44:12,470 - INFO - 8691/214143
2024-09-23 00:44:12,486 - INFO - 8692/214143
2024-09-23 00:44:12,498 - INFO - 8693/214143
2024-09-23 00:44:12,510 - INFO - 8693/214143
2024-09-23 00:44:12,525 - INFO - 8694/214143
2024-09-23 00:44:12,537 - INFO - 8695/214143
2024-09-23 00:44:12,544 - INFO - 8695/214143
2024-09-23 00:44:12,551 - INFO - 8695/214143
2024-09-23 00:44:12,557 - INFO - 8695/214143
2024-09-23 00:44:12,561 - INFO - 8695/214143
2024-09-23 00:44:12,570 - INFO - 8696/214143
2024-09-23 00:44:12,575 - INFO - 8701/214143
2024-09-23 00:44:12,580 - INFO - 8706/214143
2024-09-23 00:44:12,586 - INFO - 8710/214143
2024-09-23 00:44:12,593 - INFO - 8712/214143
2024-09-23 00:44:12,599 - INFO - 8714/214143
2024-09-23 00:44:12,605 - INFO - 8715/214143
2024-09-23 00:44:12,610 - INFO - 8715/214143
2024-09-23 00:44:12,615 - INFO - 8715/214143
2024-09-23 00:44:12,621 - INFO - 8715/214143
2024-09-23 00:44:12,626 - INFO - 8715/214143
2024-09-23 00:44:12,633 - INFO - 8715/214143
2024-09-23 00:44:12,647 - INFO - 8715/214143
2024-09-23 00:44:12,662 - INFO - 8715/214143
2024-09-23 00:44:12,677 - INFO - 8715/214143
2024-09-23 00:44:12,697 - INFO - 8715/214143
2024-09-23 00:44:12,713 - INFO - 8743/214143
2024-09-23 00:44:12,728 - INFO - 8801/214143
2024-09-23 00:44:12,741 - INFO - 8874/214143
2024-09-23 00:44:12,752 - INFO - 8958/214143
2024-09-23 00:44:12,761 - INFO - 9027/214143
2024-09-23 00:44:12,767 - INFO - 9076/214143
2024-09-23 00:44:12,772 - INFO - 9110/214143
2024-09-23 00:44:12,778 - INFO - 9130/214143
2024-09-23 00:44:12,783 - INFO - 9162/214143
2024-09-23 00:44:12,792 - INFO - 9204/214143
2024-09-23 00:44:12,797 - INFO - 9238/214143
2024-09-23 00:44:12,803 - INFO - 9261/214143
2024-09-23 00:44:12,808 - INFO - 9277/214143
2024-09-23 00:44:12,812 - INFO - 9287/214143
2024-09-23 00:44:12,820 - INFO - 9292/214143
2024-09-23 00:44:12,825 - INFO - 9294/214143
2024-09-23 00:44:12,830 - INFO - 9295/214143
2024-09-23 00:44:12,836 - INFO - 9311/214143
2024-09-23 00:44:12,842 - INFO - 9331/214143
2024-09-23 00:44:12,857 - INFO - 9347/214143
2024-09-23 00:44:12,875 - INFO - 9358/214143
2024-09-23 00:44:12,891 - INFO - 9367/214143
2024-09-23 00:44:12,904 - INFO - 9372/214143
2024-09-23 00:44:12,920 - INFO - 9374/214143
2024-09-23 00:44:12,935 - INFO - 9375/214143
2024-09-23 00:44:12,948 - INFO - 9375/214143
2024-09-23 00:44:12,956 - INFO - 9384/214143
2024-09-23 00:44:12,966 - INFO - 9394/214143
2024-09-23 00:44:12,971 - INFO - 9409/214143
2024-09-23 00:44:12,976 - INFO - 9422/214143
2024-09-23 00:44:12,982 - INFO - 9432/214143
2024-09-23 00:44:12,987 - INFO - 9440/214143
2024-09-23 00:44:12,995 - INFO - 9445/214143
2024-09-23 00:44:13,000 - INFO - 9449/214143
2024-09-23 00:44:13,007 - INFO - 9473/214143
2024-09-23 00:44:13,012 - INFO - 9504/214143
2024-09-23 00:44:13,017 - INFO - 9554/214143
2024-09-23 00:44:13,025 - INFO - 9616/214143
2024-09-23 00:44:13,031 - INFO - 9668/214143
2024-09-23 00:44:13,036 - INFO - 9703/214143
2024-09-23 00:44:13,041 - INFO - 9728/214143
2024-09-23 00:44:13,046 - INFO - 9744/214143
2024-09-23 00:44:13,061 - INFO - 9752/214143
2024-09-23 00:44:13,076 - INFO - 9770/214143
2024-09-23 00:44:13,091 - INFO - 9787/214143
2024-09-23 00:44:13,108 - INFO - 9799/214143
2024-09-23 00:44:13,127 - INFO - 9807/214143
2024-09-23 00:44:13,149 - INFO - 9813/214143
2024-09-23 00:44:13,162 - INFO - 9816/214143
2024-09-23 00:44:13,168 - INFO - 9817/214143
2024-09-23 00:44:13,174 - INFO - 9818/214143
2024-09-23 00:44:13,196 - INFO - 9833/214143
2024-09-23 00:44:13,201 - INFO - 9848/214143
2024-09-23 00:44:13,206 - INFO - 9860/214143
2024-09-23 00:44:13,216 - INFO - 9868/214143
2024-09-23 00:44:13,221 - INFO - 9873/214143
2024-09-23 00:44:13,226 - INFO - 9876/214143
2024-09-23 00:44:13,231 - INFO - 9877/214143
2024-09-23 00:44:13,237 - INFO - 9878/214143
2024-09-23 00:44:13,243 - INFO - 9878/214143
2024-09-23 00:44:13,248 - INFO - 9907/214143
2024-09-23 00:44:13,252 - INFO - 9937/214143
2024-09-23 00:44:13,261 - INFO - 9960/214143
2024-09-23 00:44:13,266 - INFO - 9975/214143
2024-09-23 00:44:13,278 - INFO - 9986/214143
2024-09-23 00:44:13,291 - INFO - 9991/214143
2024-09-23 00:44:13,304 - INFO - 9994/214143
2024-09-23 00:44:13,320 - INFO - 9995/214143
2024-09-23 00:44:13,335 - INFO - 9996/214143
2024-09-23 00:44:13,351 - INFO - 10016/214143
2024-09-23 00:44:13,366 - INFO - 10036/214143
2024-09-23 00:44:13,378 - INFO - 10051/214143
2024-09-23 00:44:13,386 - INFO - 10065/214143
2024-09-23 00:44:13,393 - INFO - 10076/214143
2024-09-23 00:44:13,404 - INFO - 10085/214143
2024-09-23 00:44:13,410 - INFO - 10091/214143
2024-09-23 00:44:13,416 - INFO - 10093/214143
2024-09-23 00:44:13,425 - INFO - 10111/214143
2024-09-23 00:44:13,433 - INFO - 10127/214143
2024-09-23 00:44:13,443 - INFO - 10139/214143
2024-09-23 00:44:13,449 - INFO - 10148/214143
2024-09-23 00:44:13,454 - INFO - 10153/214143
2024-09-23 00:44:13,460 - INFO - 10156/214143
2024-09-23 00:44:13,464 - INFO - 10158/214143
2024-09-23 00:44:13,471 - INFO - 10159/214143
2024-09-23 00:44:13,476 - INFO - 10159/214143
2024-09-23 00:44:13,490 - INFO - 10174/214143
2024-09-23 00:44:13,505 - INFO - 10189/214143
2024-09-23 00:44:13,518 - INFO - 10201/214143
2024-09-23 00:44:13,534 - INFO - 10209/214143
2024-09-23 00:44:13,547 - INFO - 10214/214143
2024-09-23 00:44:13,560 - INFO - 10217/214143
2024-09-23 00:44:13,575 - INFO - 10218/214143
2024-09-23 00:44:13,589 - INFO - 10219/214143
2024-09-23 00:44:13,600 - INFO - 10219/214143
2024-09-23 00:44:13,607 - INFO - 10234/214143
2024-09-23 00:44:13,613 - INFO - 10249/214143
2024-09-23 00:44:13,618 - INFO - 10261/214143
2024-09-23 00:44:13,623 - INFO - 10269/214143
2024-09-23 00:44:13,632 - INFO - 10274/214143
2024-09-23 00:44:13,638 - INFO - 10276/214143
2024-09-23 00:44:13,643 - INFO - 10277/214143
2024-09-23 00:44:13,649 - INFO - 10278/214143
2024-09-23 00:44:13,655 - INFO - 10278/214143
2024-09-23 00:44:13,660 - INFO - 10278/214143
2024-09-23 00:44:13,665 - INFO - 10278/214143
2024-09-23 00:44:13,669 - INFO - 10278/214143
2024-09-23 00:44:13,674 - INFO - 10278/214143
2024-09-23 00:44:13,680 - INFO - 10278/214143
2024-09-23 00:44:13,684 - INFO - 10278/214143
2024-09-23 00:44:13,689 - INFO - 10278/214143
2024-09-23 00:44:13,697 - INFO - 10278/214143
2024-09-23 00:44:13,712 - INFO - 10278/214143
2024-09-23 00:44:13,728 - INFO - 10278/214143
2024-09-23 00:44:13,742 - INFO - 10278/214143
2024-09-23 00:44:13,757 - INFO - 10279/214143
2024-09-23 00:44:13,772 - INFO - 10279/214143
2024-09-23 00:44:13,787 - INFO - 10279/214143
2024-09-23 00:44:13,800 - INFO - 10279/214143
2024-09-23 00:44:13,809 - INFO - 10279/214143
2024-09-23 00:44:13,816 - INFO - 10279/214143
2024-09-23 00:44:13,821 - INFO - 10279/214143
2024-09-23 00:44:13,826 - INFO - 10279/214143
2024-09-23 00:44:13,832 - INFO - 10279/214143
2024-09-23 00:44:13,838 - INFO - 10280/214143
2024-09-23 00:44:13,842 - INFO - 10280/214143
2024-09-23 00:44:13,848 - INFO - 10285/214143
2024-09-23 00:44:13,856 - INFO - 10287/214143
2024-09-23 00:44:13,861 - INFO - 10288/214143
2024-09-23 00:44:13,866 - INFO - 10289/214143
2024-09-23 00:44:13,871 - INFO - 10289/214143
2024-09-23 00:44:13,877 - INFO - 10289/214143
2024-09-23 00:44:13,883 - INFO - 10289/214143
2024-09-23 00:44:13,888 - INFO - 10289/214143
2024-09-23 00:44:13,893 - INFO - 10289/214143
2024-09-23 00:44:13,898 - INFO - 10289/214143
2024-09-23 00:44:13,909 - INFO - 10289/214143
2024-09-23 00:44:13,922 - INFO - 10289/214143
2024-09-23 00:44:13,936 - INFO - 10289/214143
2024-09-23 00:44:13,949 - INFO - 10289/214143
2024-09-23 00:44:13,960 - INFO - 10289/214143
2024-09-23 00:44:13,971 - INFO - 10289/214143
2024-09-23 00:44:13,984 - INFO - 10289/214143
2024-09-23 00:44:13,999 - INFO - 10289/214143
2024-09-23 00:44:14,013 - INFO - 10289/214143
2024-09-23 00:44:14,020 - INFO - 10289/214143
2024-09-23 00:44:14,028 - INFO - 10289/214143
2024-09-23 00:44:14,034 - INFO - 10289/214143
2024-09-23 00:44:14,040 - INFO - 10289/214143
2024-09-23 00:44:14,045 - INFO - 10289/214143
2024-09-23 00:44:14,051 - INFO - 10289/214143
2024-09-23 00:44:14,056 - INFO - 10289/214143
2024-09-23 00:44:14,061 - INFO - 10289/214143
2024-09-23 00:44:14,067 - INFO - 10289/214143
2024-09-23 00:44:14,072 - INFO - 10289/214143
2024-09-23 00:44:14,077 - INFO - 10289/214143
2024-09-23 00:44:14,082 - INFO - 10289/214143
2024-09-23 00:44:14,087 - INFO - 10289/214143
2024-09-23 00:44:14,092 - INFO - 10289/214143
2024-09-23 00:44:14,097 - INFO - 10289/214143
2024-09-23 00:44:14,103 - INFO - 10289/214143
2024-09-23 00:44:14,113 - INFO - 10289/214143
2024-09-23 00:44:14,126 - INFO - 10289/214143
2024-09-23 00:44:14,141 - INFO - 10289/214143
2024-09-23 00:44:14,156 - INFO - 10289/214143
2024-09-23 00:44:14,169 - INFO - 10289/214143
2024-09-23 00:44:14,184 - INFO - 10289/214143
2024-09-23 00:44:14,198 - INFO - 10289/214143
2024-09-23 00:44:14,211 - INFO - 10290/214143
2024-09-23 00:44:14,220 - INFO - 10290/214143
2024-09-23 00:44:14,229 - INFO - 10290/214143
2024-09-23 00:44:14,234 - INFO - 10290/214143
2024-09-23 00:44:14,240 - INFO - 10290/214143
2024-09-23 00:44:14,245 - INFO - 10290/214143
2024-09-23 00:44:14,250 - INFO - 10290/214143
2024-09-23 00:44:14,256 - INFO - 10290/214143
2024-09-23 00:44:14,261 - INFO - 10290/214143
2024-09-23 00:44:14,265 - INFO - 10290/214143
2024-09-23 00:44:14,271 - INFO - 10290/214143
2024-09-23 00:44:14,276 - INFO - 10290/214143
2024-09-23 00:44:14,281 - INFO - 10290/214143
2024-09-23 00:44:14,286 - INFO - 10290/214143
2024-09-23 00:44:14,291 - INFO - 10290/214143
2024-09-23 00:44:14,296 - INFO - 10290/214143
2024-09-23 00:44:14,302 - INFO - 10290/214143
2024-09-23 00:44:14,309 - INFO - 10290/214143
2024-09-23 00:44:14,322 - INFO - 10290/214143
2024-09-23 00:44:14,336 - INFO - 10290/214143
2024-09-23 00:44:14,350 - INFO - 10290/214143
2024-09-23 00:44:14,364 - INFO - 10290/214143
2024-09-23 00:44:14,377 - INFO - 10290/214143
2024-09-23 00:44:14,392 - INFO - 10290/214143
2024-09-23 00:44:14,407 - INFO - 10290/214143
2024-09-23 00:44:14,417 - INFO - 10290/214143
2024-09-23 00:44:14,427 - INFO - 10290/214143
2024-09-23 00:44:14,434 - INFO - 10290/214143
2024-09-23 00:44:14,441 - INFO - 10290/214143
2024-09-23 00:44:14,448 - INFO - 10290/214143
2024-09-23 00:44:14,453 - INFO - 10290/214143
2024-09-23 00:44:14,458 - INFO - 10290/214143
2024-09-23 00:44:14,463 - INFO - 10295/214143
2024-09-23 00:44:14,472 - INFO - 10300/214143
2024-09-23 00:44:14,477 - INFO - 10305/214143
2024-09-23 00:44:14,482 - INFO - 10312/214143
2024-09-23 00:44:14,488 - INFO - 10317/214143
2024-09-23 00:44:14,492 - INFO - 10319/214143
2024-09-23 00:44:14,501 - INFO - 10322/214143
2024-09-23 00:44:14,506 - INFO - 10325/214143
2024-09-23 00:44:14,510 - INFO - 10326/214143
2024-09-23 00:44:14,515 - INFO - 10327/214143
2024-09-23 00:44:14,528 - INFO - 10327/214143
2024-09-23 00:44:14,544 - INFO - 10327/214143
2024-09-23 00:44:14,558 - INFO - 10327/214143
2024-09-23 00:44:14,571 - INFO - 10327/214143
2024-09-23 00:44:14,587 - INFO - 10327/214143
2024-09-23 00:44:14,604 - INFO - 10327/214143
2024-09-23 00:44:14,627 - INFO - 10327/214143
2024-09-23 00:44:14,634 - INFO - 10327/214143
2024-09-23 00:44:14,641 - INFO - 10327/214143
2024-09-23 00:44:14,647 - INFO - 10327/214143
2024-09-23 00:44:14,652 - INFO - 10327/214143
2024-09-23 00:44:14,657 - INFO - 10327/214143
2024-09-23 00:44:14,662 - INFO - 10327/214143
2024-09-23 00:44:14,667 - INFO - 10327/214143
2024-09-23 00:44:14,673 - INFO - 10327/214143
2024-09-23 00:44:14,678 - INFO - 10327/214143
2024-09-23 00:44:14,682 - INFO - 10330/214143
2024-09-23 00:44:14,691 - INFO - 10334/214143
2024-09-23 00:44:14,696 - INFO - 10339/214143
2024-09-23 00:44:14,701 - INFO - 10341/214143
2024-09-23 00:44:14,706 - INFO - 10344/214143
2024-09-23 00:44:14,711 - INFO - 10347/214143
2024-09-23 00:44:14,719 - INFO - 10349/214143
2024-09-23 00:44:14,730 - INFO - 10352/214143
2024-09-23 00:44:14,742 - INFO - 10354/214143
2024-09-23 00:44:14,756 - INFO - 10355/214143
2024-09-23 00:44:14,769 - INFO - 10356/214143
2024-09-23 00:44:14,784 - INFO - 10356/214143
2024-09-23 00:44:14,799 - INFO - 10356/214143
2024-09-23 00:44:14,812 - INFO - 10356/214143
2024-09-23 00:44:14,827 - INFO - 10356/214143
2024-09-23 00:44:14,836 - INFO - 10356/214143
2024-09-23 00:44:14,842 - INFO - 10356/214143
2024-09-23 00:44:14,848 - INFO - 10356/214143
2024-09-23 00:44:14,853 - INFO - 10356/214143
2024-09-23 00:44:14,859 - INFO - 10356/214143
2024-09-23 00:44:14,864 - INFO - 10356/214143
2024-09-23 00:44:14,869 - INFO - 10356/214143
2024-09-23 00:44:14,874 - INFO - 10356/214143
2024-09-23 00:44:14,880 - INFO - 10356/214143
2024-09-23 00:44:14,885 - INFO - 10356/214143
2024-09-23 00:44:14,891 - INFO - 10356/214143
2024-09-23 00:44:14,896 - INFO - 10356/214143
2024-09-23 00:44:14,901 - INFO - 10356/214143
2024-09-23 00:44:14,905 - INFO - 10356/214143
2024-09-23 00:44:14,911 - INFO - 10356/214143
2024-09-23 00:44:14,916 - INFO - 10356/214143
2024-09-23 00:44:14,924 - INFO - 10356/214143
2024-09-23 00:44:14,933 - INFO - 10356/214143
2024-09-23 00:44:14,945 - INFO - 10356/214143
2024-09-23 00:44:14,962 - INFO - 10361/214143
2024-09-23 00:44:14,975 - INFO - 10366/214143
2024-09-23 00:44:14,989 - INFO - 10370/214143
2024-09-23 00:44:15,002 - INFO - 10371/214143
2024-09-23 00:44:15,017 - INFO - 10373/214143
2024-09-23 00:44:15,032 - INFO - 10374/214143
2024-09-23 00:44:15,045 - INFO - 10374/214143
2024-09-23 00:44:15,056 - INFO - 10374/214143
2024-09-23 00:44:15,063 - INFO - 10375/214143
2024-09-23 00:44:15,068 - INFO - 10376/214143
2024-09-23 00:44:15,073 - INFO - 10376/214143
2024-09-23 00:44:15,079 - INFO - 10376/214143
2024-09-23 00:44:15,083 - INFO - 10376/214143
2024-09-23 00:44:15,087 - INFO - 10376/214143
2024-09-23 00:44:15,092 - INFO - 10376/214143
2024-09-23 00:44:15,098 - INFO - 10376/214143
2024-09-23 00:44:15,102 - INFO - 10376/214143
2024-09-23 00:44:15,106 - INFO - 10376/214143
2024-09-23 00:44:15,112 - INFO - 10376/214143
2024-09-23 00:44:15,117 - INFO - 10376/214143
2024-09-23 00:44:15,123 - INFO - 10376/214143
2024-09-23 00:44:15,129 - INFO - 10376/214143
2024-09-23 00:44:15,134 - INFO - 10376/214143
2024-09-23 00:44:15,138 - INFO - 10376/214143
2024-09-23 00:44:15,144 - INFO - 10376/214143
2024-09-23 00:44:15,163 - INFO - 10376/214143
2024-09-23 00:44:15,181 - INFO - 10376/214143
2024-09-23 00:44:15,196 - INFO - 10376/214143
2024-09-23 00:44:15,213 - INFO - 10376/214143
2024-09-23 00:44:15,229 - INFO - 10376/214143
2024-09-23 00:44:15,244 - INFO - 10376/214143
2024-09-23 00:44:15,257 - INFO - 10376/214143
2024-09-23 00:44:15,267 - INFO - 10376/214143
2024-09-23 00:44:15,273 - INFO - 10376/214143
2024-09-23 00:44:15,278 - INFO - 10378/214143
2024-09-23 00:44:15,284 - INFO - 10380/214143
2024-09-23 00:44:15,292 - INFO - 10381/214143
2024-09-23 00:44:15,298 - INFO - 10382/214143
2024-09-23 00:44:15,305 - INFO - 10382/214143
2024-09-23 00:44:15,310 - INFO - 10382/214143
2024-09-23 00:44:15,315 - INFO - 10382/214143
2024-09-23 00:44:15,320 - INFO - 10382/214143
2024-09-23 00:44:15,325 - INFO - 10382/214143
2024-09-23 00:44:15,330 - INFO - 10382/214143
2024-09-23 00:44:15,334 - INFO - 10382/214143
2024-09-23 00:44:15,339 - INFO - 10388/214143
2024-09-23 00:44:19,231 - INFO - 10399/214143
2024-09-23 00:44:23,051 - INFO - 10880/214143
2024-09-23 00:44:26,911 - INFO - 11416/214143
2024-09-23 00:44:30,793 - INFO - 11984/214143
2024-09-23 00:44:34,628 - INFO - 12539/214143
2024-09-23 00:44:38,645 - INFO - 13070/214143
2024-09-23 00:44:42,546 - INFO - 13656/214143
2024-09-23 00:44:46,429 - INFO - 14332/214143
2024-09-23 00:44:50,233 - INFO - 15064/214143
2024-09-23 00:44:54,038 - INFO - 15800/214143
2024-09-23 00:44:57,796 - INFO - 16508/214143
2024-09-23 00:45:02,145 - INFO - 17200/214143
2024-09-23 00:45:06,909 - INFO - 17906/214143
2024-09-23 00:45:11,063 - INFO - 18610/214143
2024-09-23 00:45:14,945 - INFO - 19254/214143
2024-09-23 00:45:18,798 - INFO - 19871/214143
2024-09-23 00:45:22,623 - INFO - 20554/214143
2024-09-23 00:45:26,448 - INFO - 21320/214143
2024-09-23 00:45:30,208 - INFO - 22075/214143
2024-09-23 00:45:33,950 - INFO - 22909/214143
2024-09-23 00:45:37,705 - INFO - 23820/214143
2024-09-23 00:45:41,398 - INFO - 24749/214143
2024-09-23 00:45:45,163 - INFO - 25617/214143
2024-09-23 00:45:48,777 - INFO - 26459/214143
2024-09-23 00:45:52,372 - INFO - 27359/214143
2024-09-23 00:45:55,990 - INFO - 28257/214143
2024-09-23 00:45:59,540 - INFO - 29113/214143
2024-09-23 00:46:03,336 - INFO - 29919/214143
2024-09-23 00:46:07,024 - INFO - 30669/214143
2024-09-23 00:46:10,882 - INFO - 31394/214143
2024-09-23 00:46:14,473 - INFO - 32144/214143
2024-09-23 00:46:18,124 - INFO - 32894/214143
2024-09-23 00:46:21,674 - INFO - 33627/214143
2024-09-23 00:46:25,263 - INFO - 34406/214143
2024-09-23 00:46:28,723 - INFO - 35194/214143
2024-09-23 00:46:32,198 - INFO - 36007/214143
2024-09-23 00:46:35,751 - INFO - 36817/214143
2024-09-23 00:46:39,767 - INFO - 37673/214143
2024-09-23 00:46:43,355 - INFO - 38557/214143
2024-09-23 00:46:46,744 - INFO - 39499/214143
2024-09-23 00:46:50,065 - INFO - 40446/214143
2024-09-23 00:46:53,395 - INFO - 41357/214143
2024-09-23 00:46:56,733 - INFO - 42219/214143
2024-09-23 00:47:00,007 - INFO - 43025/214143
2024-09-23 00:47:03,269 - INFO - 43824/214143
2024-09-23 00:47:06,504 - INFO - 44624/214143
2024-09-23 00:47:09,744 - INFO - 45454/214143
2024-09-23 00:47:13,036 - INFO - 46418/214143
2024-09-23 00:47:16,213 - INFO - 47400/214143
2024-09-23 00:47:19,364 - INFO - 48357/214143
2024-09-23 00:47:22,541 - INFO - 49251/214143
2024-09-23 00:47:25,663 - INFO - 50180/214143
2024-09-23 00:47:28,820 - INFO - 51214/214143
2024-09-23 00:47:31,905 - INFO - 52287/214143
2024-09-23 00:47:34,976 - INFO - 53398/214143
2024-09-23 00:47:37,997 - INFO - 54541/214143
2024-09-23 00:47:41,009 - INFO - 55709/214143
2024-09-23 00:47:44,057 - INFO - 56788/214143
2024-09-23 00:47:47,030 - INFO - 57813/214143
2024-09-23 00:47:50,099 - INFO - 58828/214143
2024-09-23 00:47:53,490 - INFO - 59850/214143
2024-09-23 00:47:56,579 - INFO - 60900/214143
2024-09-23 00:47:59,775 - INFO - 61938/214143
2024-09-23 00:48:02,791 - INFO - 62925/214143
2024-09-23 00:48:05,780 - INFO - 63916/214143
2024-09-23 00:48:08,716 - INFO - 64979/214143
2024-09-23 00:48:11,641 - INFO - 66101/214143
2024-09-23 00:48:14,561 - INFO - 67256/214143
2024-09-23 00:48:17,358 - INFO - 68424/214143
2024-09-23 00:48:20,128 - INFO - 69606/214143
2024-09-23 00:48:22,894 - INFO - 70792/214143
2024-09-23 00:48:25,613 - INFO - 71963/214143
2024-09-23 00:48:28,359 - INFO - 73065/214143
2024-09-23 00:48:31,032 - INFO - 74161/214143
2024-09-23 00:48:33,681 - INFO - 75281/214143
2024-09-23 00:48:36,327 - INFO - 76354/214143
2024-09-23 00:48:38,953 - INFO - 77469/214143
2024-09-23 00:48:41,587 - INFO - 78613/214143
2024-09-23 00:48:44,152 - INFO - 79780/214143
2024-09-23 00:48:46,700 - INFO - 80952/214143
2024-09-23 00:48:49,217 - INFO - 82123/214143
2024-09-23 00:48:51,731 - INFO - 83306/214143
2024-09-23 00:48:54,259 - INFO - 84489/214143
2024-09-23 00:48:56,757 - INFO - 85671/214143
2024-09-23 00:48:59,185 - INFO - 86853/214143
2024-09-23 00:49:01,600 - INFO - 88030/214143
2024-09-23 00:49:03,996 - INFO - 89212/214143
2024-09-23 00:49:06,420 - INFO - 90391/214143
2024-09-23 00:49:08,752 - INFO - 91571/214143
2024-09-23 00:49:11,059 - INFO - 92752/214143
2024-09-23 00:49:13,361 - INFO - 93929/214143
2024-09-23 00:49:15,633 - INFO - 95102/214143
2024-09-23 00:49:17,938 - INFO - 96232/214143
2024-09-23 00:49:20,180 - INFO - 97386/214143
2024-09-23 00:49:22,391 - INFO - 98555/214143
2024-09-23 00:49:24,584 - INFO - 99721/214143
2024-09-23 00:49:26,745 - INFO - 100868/214143
2024-09-23 00:49:28,951 - INFO - 101994/214143
2024-09-23 00:49:31,075 - INFO - 103143/214143
2024-09-23 00:49:33,178 - INFO - 104308/214143
2024-09-23 00:49:35,256 - INFO - 105484/214143
2024-09-23 00:49:37,312 - INFO - 106663/214143
2024-09-23 00:49:39,389 - INFO - 107843/214143
2024-09-23 00:49:41,390 - INFO - 109021/214143
2024-09-23 00:49:43,390 - INFO - 110076/214143
2024-09-23 00:49:45,366 - INFO - 111071/214143
2024-09-23 00:49:47,331 - INFO - 112081/214143
2024-09-23 00:49:49,323 - INFO - 113004/214143
2024-09-23 00:49:51,237 - INFO - 113949/214143
2024-09-23 00:49:53,145 - INFO - 114966/214143
2024-09-23 00:49:55,030 - INFO - 115971/214143
2024-09-23 00:49:56,893 - INFO - 116940/214143
2024-09-23 00:49:58,780 - INFO - 117982/214143
2024-09-23 00:50:00,606 - INFO - 119046/214143
2024-09-23 00:50:02,408 - INFO - 120131/214143
2024-09-23 00:50:04,194 - INFO - 121243/214143
2024-09-23 00:50:05,947 - INFO - 122363/214143
2024-09-23 00:50:07,738 - INFO - 123501/214143
2024-09-23 00:50:09,451 - INFO - 124650/214143
2024-09-23 00:50:11,145 - INFO - 125800/214143
2024-09-23 00:50:12,810 - INFO - 126955/214143
2024-09-23 00:50:14,458 - INFO - 128114/214143
2024-09-23 00:50:16,138 - INFO - 129278/214143
2024-09-23 00:50:17,745 - INFO - 130448/214143
2024-09-23 00:50:19,327 - INFO - 131622/214143
2024-09-23 00:50:20,885 - INFO - 132794/214143
2024-09-23 00:50:22,409 - INFO - 133967/214143
2024-09-23 00:50:23,981 - INFO - 135141/214143
2024-09-23 00:50:25,477 - INFO - 136318/214143
2024-09-23 00:50:26,941 - INFO - 137495/214143
2024-09-23 00:50:28,380 - INFO - 138675/214143
2024-09-23 00:50:29,817 - INFO - 139855/214143
2024-09-23 00:50:31,282 - INFO - 141036/214143
2024-09-23 00:50:32,656 - INFO - 142219/214143
2024-09-23 00:50:34,002 - INFO - 143399/214143
2024-09-23 00:50:35,334 - INFO - 144573/214143
2024-09-23 00:50:36,664 - INFO - 145693/214143
2024-09-23 00:50:38,029 - INFO - 146763/214143
2024-09-23 00:50:39,355 - INFO - 147845/214143
2024-09-23 00:50:40,627 - INFO - 148945/214143
2024-09-23 00:50:41,860 - INFO - 150084/214143
2024-09-23 00:50:43,064 - INFO - 151237/214143
2024-09-23 00:50:44,293 - INFO - 152387/214143
2024-09-23 00:50:45,465 - INFO - 153476/214143
2024-09-23 00:50:46,617 - INFO - 154516/214143
2024-09-23 00:50:47,755 - INFO - 155494/214143
2024-09-23 00:50:48,873 - INFO - 156428/214143
2024-09-23 00:50:50,033 - INFO - 157284/214143
2024-09-23 00:50:51,123 - INFO - 158071/214143
2024-09-23 00:50:52,196 - INFO - 158808/214143
2024-09-23 00:50:53,256 - INFO - 159634/214143
2024-09-23 00:50:54,290 - INFO - 160530/214143
2024-09-23 00:50:55,368 - INFO - 161406/214143
2024-09-23 00:50:56,372 - INFO - 162224/214143
2024-09-23 00:50:57,369 - INFO - 162960/214143
2024-09-23 00:50:58,344 - INFO - 163695/214143
2024-09-23 00:50:59,296 - INFO - 164544/214143
2024-09-23 00:51:00,314 - INFO - 165348/214143
2024-09-23 00:51:01,249 - INFO - 166073/214143
2024-09-23 00:51:02,181 - INFO - 166770/214143
2024-09-23 00:51:03,088 - INFO - 167494/214143
2024-09-23 00:51:03,971 - INFO - 168426/214143
2024-09-23 00:51:04,889 - INFO - 169464/214143
2024-09-23 00:51:05,718 - INFO - 170550/214143
2024-09-23 00:51:06,535 - INFO - 171672/214143
2024-09-23 00:51:07,334 - INFO - 172804/214143
2024-09-23 00:51:08,107 - INFO - 173919/214143
2024-09-23 00:51:08,914 - INFO - 175050/214143
2024-09-23 00:51:09,632 - INFO - 176209/214143
2024-09-23 00:51:10,338 - INFO - 177362/214143
2024-09-23 00:51:11,021 - INFO - 178524/214143
2024-09-23 00:51:11,704 - INFO - 179519/214143
2024-09-23 00:51:12,435 - INFO - 180260/214143
2024-09-23 00:51:13,092 - INFO - 180819/214143
2024-09-23 00:51:13,728 - INFO - 181283/214143
2024-09-23 00:51:14,360 - INFO - 181702/214143
2024-09-23 00:51:14,983 - INFO - 182100/214143
2024-09-23 00:51:15,647 - INFO - 182487/214143
2024-09-23 00:51:16,242 - INFO - 182870/214143
2024-09-23 00:51:16,830 - INFO - 183255/214143
2024-09-23 00:51:17,407 - INFO - 183641/214143
2024-09-23 00:51:17,973 - INFO - 184025/214143
2024-09-23 00:51:18,599 - INFO - 184410/214143
2024-09-23 00:51:19,155 - INFO - 184797/214143
2024-09-23 00:51:19,707 - INFO - 185186/214143
2024-09-23 00:51:20,249 - INFO - 185575/214143
2024-09-23 00:51:20,794 - INFO - 185965/214143
2024-09-23 00:51:21,384 - INFO - 186355/214143
2024-09-23 00:51:21,907 - INFO - 186745/214143
2024-09-23 00:51:22,420 - INFO - 187135/214143
2024-09-23 00:51:22,927 - INFO - 187525/214143
2024-09-23 00:51:23,432 - INFO - 187915/214143
2024-09-23 00:51:23,999 - INFO - 188306/214143
2024-09-23 00:51:24,485 - INFO - 188696/214143
2024-09-23 00:51:24,964 - INFO - 189087/214143
2024-09-23 00:51:25,433 - INFO - 189478/214143
2024-09-23 00:51:25,915 - INFO - 189870/214143
2024-09-23 00:51:26,436 - INFO - 190262/214143
2024-09-23 00:51:26,890 - INFO - 190654/214143
2024-09-23 00:51:27,323 - INFO - 191046/214143
2024-09-23 00:51:27,756 - INFO - 191439/214143
2024-09-23 00:51:28,179 - INFO - 191832/214143
2024-09-23 00:51:28,657 - INFO - 192224/214143
2024-09-23 00:51:29,064 - INFO - 192611/214143
2024-09-23 00:51:29,463 - INFO - 192990/214143
2024-09-23 00:51:29,856 - INFO - 193354/214143
2024-09-23 00:51:30,246 - INFO - 193718/214143
2024-09-23 00:51:30,687 - INFO - 194086/214143
2024-09-23 00:51:31,063 - INFO - 194450/214143
2024-09-23 00:51:31,430 - INFO - 194819/214143
2024-09-23 00:51:31,794 - INFO - 195182/214143
2024-09-23 00:51:32,147 - INFO - 195542/214143
2024-09-23 00:51:32,555 - INFO - 195895/214143
2024-09-23 00:51:32,893 - INFO - 196252/214143
2024-09-23 00:51:33,224 - INFO - 196603/214143
2024-09-23 00:51:33,548 - INFO - 196957/214143
2024-09-23 00:51:33,872 - INFO - 197308/214143
2024-09-23 00:51:34,244 - INFO - 197660/214143
2024-09-23 00:51:34,545 - INFO - 198015/214143
2024-09-23 00:51:34,847 - INFO - 198369/214143
2024-09-23 00:51:35,143 - INFO - 198728/214143
2024-09-23 00:51:35,429 - INFO - 199084/214143
2024-09-23 00:51:35,767 - INFO - 199456/214143
2024-09-23 00:51:36,043 - INFO - 199831/214143
2024-09-23 00:51:36,306 - INFO - 200204/214143
2024-09-23 00:51:36,566 - INFO - 200582/214143
2024-09-23 00:51:36,823 - INFO - 200957/214143
2024-09-23 00:51:37,132 - INFO - 201329/214143
2024-09-23 00:51:37,367 - INFO - 201702/214143
2024-09-23 00:51:37,594 - INFO - 202079/214143
2024-09-23 00:51:37,818 - INFO - 202459/214143
2024-09-23 00:51:38,034 - INFO - 202839/214143
2024-09-23 00:51:38,306 - INFO - 203215/214143
2024-09-23 00:51:38,507 - INFO - 203592/214143
2024-09-23 00:51:38,705 - INFO - 203972/214143
2024-09-23 00:51:38,893 - INFO - 204351/214143
2024-09-23 00:51:39,072 - INFO - 204730/214143
2024-09-23 00:51:39,308 - INFO - 205114/214143
2024-09-23 00:51:39,474 - INFO - 205498/214143
2024-09-23 00:51:39,631 - INFO - 205882/214143
2024-09-23 00:51:39,781 - INFO - 206268/214143
2024-09-23 00:51:39,929 - INFO - 206635/214143
2024-09-23 00:51:40,127 - INFO - 206985/214143
2024-09-23 00:51:40,256 - INFO - 207335/214143
2024-09-23 00:51:40,380 - INFO - 207688/214143
2024-09-23 00:51:40,499 - INFO - 208048/214143
2024-09-23 00:51:40,607 - INFO - 208412/214143
2024-09-23 00:51:40,781 - INFO - 208779/214143
2024-09-23 00:51:40,878 - INFO - 209122/214143
2024-09-23 00:51:40,967 - INFO - 209441/214143
2024-09-23 00:51:41,054 - INFO - 209757/214143
2024-09-23 00:51:41,135 - INFO - 210076/214143
2024-09-23 00:51:41,278 - INFO - 210399/214143
2024-09-23 00:51:41,347 - INFO - 210721/214143
2024-09-23 00:51:41,407 - INFO - 211016/214143
2024-09-23 00:51:41,460 - INFO - 211313/214143
2024-09-23 00:51:41,519 - INFO - 211614/214143
2024-09-23 00:51:41,623 - INFO - 211924/214143
2024-09-23 00:51:41,659 - INFO - 212236/214143
2024-09-23 00:51:41,690 - INFO - 212539/214143
2024-09-23 00:51:41,714 - INFO - 212842/214143
2024-09-23 00:51:41,743 - INFO - 213122/214143
2024-09-23 00:51:41,832 - INFO - 213396/214143
2024-09-23 00:51:41,841 - INFO - 213659/214143
2024-09-23 00:51:41,847 - INFO - 213838/214143
2024-09-23 00:51:41,852 - INFO - 213939/214143
2024-09-23 00:51:41,858 - INFO - 214008/214143
2024-09-23 00:51:41,934 - INFO - 214043/214143
2024-09-23 00:51:41,941 - INFO - 214061/214143
2024-09-23 00:51:41,947 - INFO - 214071/214143
2024-09-23 00:51:41,957 - INFO - 214077/214143
2024-09-23 00:51:41,972 - INFO - 214081/214143
2024-09-23 00:51:41,987 - INFO - 214087/214143
2024-09-23 00:51:42,000 - INFO - 214088/214143
2024-09-23 00:51:42,014 - INFO - 214092/214143
2024-09-23 00:51:42,026 - INFO - 214093/214143
2024-09-23 00:51:42,033 - INFO - 214095/214143
2024-09-23 00:51:42,040 - INFO - 214095/214143
2024-09-23 00:51:42,046 - INFO - 214100/214143
2024-09-23 00:51:42,051 - INFO - 214102/214143
2024-09-23 00:51:42,057 - INFO - 214104/214143
2024-09-23 00:51:42,062 - INFO - 214105/214143
2024-09-23 00:51:42,067 - INFO - 214107/214143
2024-09-23 00:51:42,072 - INFO - 214111/214143
2024-09-23 00:51:42,077 - INFO - 214113/214143
2024-09-23 00:51:42,082 - INFO - 214115/214143
2024-09-23 00:51:42,087 - INFO - 214117/214143
2024-09-23 00:51:42,092 - INFO - 214120/214143
2024-09-23 00:51:42,097 - INFO - 214120/214143
2024-09-23 00:51:42,102 - INFO - 214120/214143
2024-09-23 00:51:42,108 - INFO - 214121/214143
2024-09-23 00:51:42,113 - INFO - 214122/214143
2024-09-23 00:51:42,117 - INFO - 214124/214143
2024-09-23 00:51:42,124 - INFO - 214124/214143
2024-09-23 00:51:42,129 - INFO - 214124/214143
2024-09-23 00:51:42,135 - INFO - 214124/214143
2024-09-23 00:51:42,143 - INFO - 214124/214143
2024-09-23 00:51:42,155 - INFO - 214124/214143
2024-09-23 00:51:42,173 - INFO - 214124/214143
2024-09-23 00:51:42,189 - INFO - 214124/214143
2024-09-23 00:51:42,203 - INFO - 214125/214143
2024-09-23 00:51:42,217 - INFO - 214125/214143
2024-09-23 00:51:42,232 - INFO - 214126/214143
2024-09-23 00:51:42,246 - INFO - 214127/214143
2024-09-23 00:51:42,260 - INFO - 214128/214143
2024-09-23 00:51:42,268 - INFO - 214129/214143
2024-09-23 00:51:42,275 - INFO - 214130/214143
2024-09-23 00:51:42,281 - INFO - 214130/214143
2024-09-23 00:51:42,287 - INFO - 214130/214143
2024-09-23 00:51:42,291 - INFO - 214131/214143
2024-09-23 00:51:42,297 - INFO - 214131/214143
2024-09-23 00:51:42,302 - INFO - 214131/214143
2024-09-23 00:51:42,307 - INFO - 214131/214143
2024-09-23 00:51:42,312 - INFO - 214131/214143
2024-09-23 00:51:42,317 - INFO - 214131/214143
2024-09-23 00:51:42,322 - INFO - 214133/214143
2024-09-23 00:51:42,327 - INFO - 214133/214143
2024-09-23 00:51:42,332 - INFO - 214134/214143
2024-09-23 00:51:42,337 - INFO - 214134/214143
2024-09-23 00:51:42,343 - INFO - 214134/214143
2024-09-23 00:51:42,348 - INFO - 214135/214143
2024-09-23 00:51:42,353 - INFO - 214136/214143
2024-09-23 00:51:42,358 - INFO - 214136/214143
2024-09-23 00:51:42,370 - INFO - 214136/214143
2024-09-23 00:51:42,383 - INFO - 214136/214143
2024-09-23 00:51:42,396 - INFO - 214136/214143
2024-09-23 00:51:42,408 - INFO - 214136/214143
2024-09-23 00:51:42,420 - INFO - 214137/214143
2024-09-23 00:51:42,435 - INFO - 214137/214143
2024-09-23 00:51:42,447 - INFO - 214137/214143
2024-09-23 00:51:42,461 - INFO - 214138/214143
2024-09-23 00:51:42,472 - INFO - 214138/214143
2024-09-23 00:51:42,479 - INFO - 214138/214143
2024-09-23 00:51:42,485 - INFO - 214138/214143
2024-09-23 00:51:42,490 - INFO - 214138/214143
2024-09-23 00:51:42,495 - INFO - 214138/214143
2024-09-23 00:51:42,501 - INFO - 214138/214143
2024-09-23 00:51:42,505 - INFO - 214138/214143
2024-09-23 00:51:42,511 - INFO - 214138/214143
2024-09-23 00:51:42,516 - INFO - 214138/214143
2024-09-23 00:51:42,522 - INFO - 214138/214143
2024-09-23 00:51:42,527 - INFO - 214138/214143
2024-09-23 00:51:42,533 - INFO - 214138/214143
2024-09-23 00:51:42,538 - INFO - 214138/214143
2024-09-23 00:51:42,542 - INFO - 214139/214143
2024-09-23 00:51:42,547 - INFO - 214140/214143
2024-09-23 00:51:42,553 - INFO - 214140/214143
2024-09-23 00:51:42,557 - INFO - 214140/214143
2024-09-23 00:51:42,563 - INFO - 214140/214143
2024-09-23 00:51:42,576 - INFO - 214140/214143
2024-09-23 00:51:42,595 - INFO - 214140/214143
2024-09-23 00:51:42,610 - INFO - 214140/214143
2024-09-23 00:51:42,624 - INFO - 214141/214143
2024-09-23 00:51:42,637 - INFO - 214141/214143
2024-09-23 00:51:42,651 - INFO - 214141/214143
2024-09-23 00:51:42,666 - INFO - 214142/214143
2024-09-23 00:51:42,675 - INFO - 214142/214143
2024-09-23 00:51:42,681 - INFO - 214142/214143
2024-09-23 00:51:42,688 - INFO - 214142/214143
2024-09-23 00:51:42,695 - INFO - 214142/214143
2024-09-23 00:51:42,700 - INFO - 214142/214143
2024-09-23 00:51:42,705 - INFO - 214142/214143
2024-09-23 00:51:42,710 - INFO - 214142/214143
2024-09-23 00:51:42,715 - INFO - 214142/214143
2024-09-23 00:51:42,720 - INFO - 214142/214143
2024-09-23 00:51:42,726 - INFO - 214142/214143
2024-09-23 00:51:42,731 - INFO - 214142/214143
2024-09-23 00:51:42,739 - INFO - Data has been recorded for First Come First Sever
